<?xml version="1.0" encoding="UTF-8"?>
<!-- Generated by org.testng.reporters.JUnitXMLReporter -->
<testsuite ignored="2" hostname="DESKTOP-L646HTL" failures="0" tests="1" name="FireFoxTest" time="8.73" errors="0" timestamp="2023-08-20T00:46:47 IST">
  <testcase classname="testng.Testone" name="methodOne" time="3.162"/>
  <testcase classname="testng.Testone" name="methodThree" time="0.0">
    <ignored/>
  </testcase> <!-- methodThree -->
  <testcase classname="testng.Testone" name="methodThsee" time="0.0">
    <ignored/>
  </testcase> <!-- methodThsee -->
</testsuite> <!-- FireFoxTest -->
