<?xml version="1.0" encoding="UTF-8"?>
<!-- Generated by org.testng.reporters.JUnitXMLReporter -->
<testsuite ignored="6" hostname="DESKTOP-L646HTL" failures="0" tests="1" name="FireFoxTest" time="8.492" errors="0" timestamp="2023-08-20T00:47:00 IST">
  <testcase classname="testng.Testone" name="methodOne" time="3.174"/>
  <testcase classname="testng.TestTwo" name="Testtwo" time="0.0">
    <ignored/>
  </testcase> <!-- Testtwo -->
  <testcase classname="testng.test" name="Testone" time="0.0">
    <ignored/>
  </testcase> <!-- Testone -->
  <testcase classname="testng.test" name="Test" time="0.0">
    <ignored/>
  </testcase> <!-- Test -->
  <testcase classname="testng.Testone" name="methodThsee" time="0.0">
    <ignored/>
  </testcase> <!-- methodThsee -->
  <testcase classname="testng.TestTwo" name="Test2" time="0.0">
    <ignored/>
  </testcase> <!-- Test2 -->
  <testcase classname="testng.Testone" name="methodThree" time="0.0">
    <ignored/>
  </testcase> <!-- methodThree -->
</testsuite> <!-- FireFoxTest -->
