<?xml version="1.0" encoding="UTF-8"?>
<!-- Generated by org.testng.reporters.JUnitXMLReporter -->
<testsuite ignored="6" hostname="DESKTOP-L646HTL" failures="0" tests="2" name="Test" time="0.13" errors="0" timestamp="2023-08-17T22:41:35 IST">
  <testcase classname="testng.Testone" name="methodOne" time="0.01"/>
  <testcase classname="testng.Testone" name="methodThree" time="0.005"/>
  <testcase classname="testng.TestTwo" name="Test2" time="0.0">
    <ignored/>
  </testcase> <!-- Test2 -->
  <testcase classname="testng.test" name="Test" time="0.0">
    <ignored/>
  </testcase> <!-- Test -->
  <testcase classname="testng.TestTwo" name="Testtwo" time="0.0">
    <ignored/>
  </testcase> <!-- Testtwo -->
  <testcase classname="testng.test" name="Testone" time="0.0">
    <ignored/>
  </testcase> <!-- Testone -->
  <testcase classname="testng.Testone" name="methodThsee" time="0.0">
    <ignored/>
  </testcase> <!-- methodThsee -->
  <testcase classname="testng.Testone" name="methodTwo" time="0.0">
    <ignored/>
  </testcase> <!-- methodTwo -->
</testsuite> <!-- Test -->
