<?xml version="1.0" encoding="UTF-8"?>
<!-- Generated by org.testng.reporters.JUnitXMLReporter -->
<testsuite ignored="0" hostname="DESKTOP-L646HTL" failures="0" tests="4" name="Default test" time="0.158" errors="0" timestamp="2023-08-17T22:24:40 IST">
  <testcase classname="testng.Testone" name="methodThree" time="0.011"/>
  <testcase classname="testng.Testone" name="methodThsee" time="0.004"/>
  <testcase classname="testng.Testone" name="methodTwo" time="0.002"/>
  <testcase classname="testng.Testone" name="methodOne" time="0.004"/>
</testsuite> <!-- Default test -->
