<?xml version="1.0" encoding="UTF-8"?>
<!-- Generated by org.testng.reporters.JUnitXMLReporter -->
<testsuite ignored="4" hostname="DESKTOP-L646HTL" failures="0" tests="3" name="ChromeTest" time="25.472" errors="0" timestamp="2023-08-18T02:13:01 IST">
  <testcase classname="testng.Testone" name="methodOne" time="11.091"/>
  <testcase classname="testng.Testone" name="methodThree" time="0.002">
    <skipped/>
  </testcase> <!-- methodThree -->
  <testcase classname="testng.Testone" name="methodThsee" time="0.003"/>
  <testcase classname="testng.test" name="Testone" time="0.0">
    <ignored/>
  </testcase> <!-- Testone -->
  <testcase classname="testng.TestTwo" name="Testtwo" time="0.0">
    <ignored/>
  </testcase> <!-- Testtwo -->
  <testcase classname="testng.TestTwo" name="Test2" time="0.0">
    <ignored/>
  </testcase> <!-- Test2 -->
  <testcase classname="testng.test" name="Test" time="0.0">
    <ignored/>
  </testcase> <!-- Test -->
</testsuite> <!-- ChromeTest -->
