<?xml version="1.0" encoding="UTF-8"?>
<!-- Generated by org.testng.reporters.JUnitXMLReporter -->
<testsuite ignored="4" hostname="DESKTOP-L646HTL" failures="0" tests="3" name="FireFoxTest" time="38.102" errors="0" timestamp="2023-08-18T02:12:04 IST">
  <testcase classname="testng.Testone" name="methodOne" time="15.225"/>
  <testcase classname="testng.Testone" name="methodThree" time="0.003">
    <skipped/>
  </testcase> <!-- methodThree -->
  <testcase classname="testng.Testone" name="methodThsee" time="0.001"/>
  <testcase classname="testng.TestTwo" name="Testtwo" time="0.0">
    <ignored/>
  </testcase> <!-- Testtwo -->
  <testcase classname="testng.TestTwo" name="Test2" time="0.0">
    <ignored/>
  </testcase> <!-- Test2 -->
  <testcase classname="testng.test" name="Testone" time="0.0">
    <ignored/>
  </testcase> <!-- Testone -->
  <testcase classname="testng.test" name="Test" time="0.0">
    <ignored/>
  </testcase> <!-- Test -->
</testsuite> <!-- FireFoxTest -->
